#
# There is insufficient memory for the Java Runtime Environment to continue.
# Native memory allocation (malloc) failed to allocate 1023936 bytes for Chunk::new
# Possible reasons:
#   The system is out of physical RAM or swap space
#   The process is running with CompressedOops enabled, and the Java Heap may be blocking the growth of the native heap
# Possible solutions:
#   Reduce memory load on the system
#   Increase physical memory or swap space
#   Check if swap backing store is full
#   Decrease Java heap size (-Xmx/-Xms)
#   Decrease number of Java threads
#   Decrease Java thread stack sizes (-Xss)
#   Set larger code cache with -XX:ReservedCodeCacheSize=
#   JVM is running with Unscaled Compressed Oops mode in which the Java heap is
#     placed in the first 4GB address space. The Java Heap base address is the
#     maximum limit for the native heap growth. Please use -XX:HeapBaseMinAddress
#     to set the Java Heap base and to place the Java Heap above 4GB virtual address.
# This output file may be truncated or incomplete.
#
#  Out of Memory Error (allocation.cpp:389), pid=15788, tid=0x0000000000003c34
#
# JRE version: OpenJDK Runtime Environment (8.0_212-b04) (build 1.8.0_212-release-1586-b04)
# Java VM: OpenJDK 64-Bit Server VM (25.212-b04 mixed mode windows-amd64 compressed oops)
# Failed to write core dump. Minidumps are not enabled by default on client versions of Windows
#

---------------  T H R E A D  ---------------

Current thread (0x0000000016a7b800):  JavaThread "C2 CompilerThread1" daemon [_thread_in_native, id=15412, stack(0x00000000181e0000,0x00000000182e0000)]

Stack: [0x00000000181e0000,0x00000000182e0000]
[error occurred during error reporting (printing stack bounds), id 0xc0000005]

Native frames: (J=compiled Java code, j=interpreted, Vv=VM code, C=native code)


Current CompileTask:
C2:9614367 20745   !   4       java.io.ObjectOutputStream::writeObject0 (619 bytes)


---------------  P R O C E S S  ---------------

Java Threads: ( => current thread )
  0x000000001b083800 JavaThread "Handler for socket connection from /127.0.0.1:60794 to /127.0.0.1:64625" [_thread_in_native, id=516, stack(0x000000001b8d0000,0x000000001b9d0000)]
  0x000000001aeb5000 JavaThread "Daemon worker Thread 13" [_thread_blocked, id=5396, stack(0x000000001bcd0000,0x000000001bdd0000)]
  0x000000001aeb4000 JavaThread "Daemon Thread 13" [_thread_blocked, id=18132, stack(0x000000001b7d0000,0x000000001b8d0000)]
  0x000000001aeb6800 JavaThread "Cache worker for Java compile cache (C:\Users\Stepan\.gradle\caches\5.6.4\javaCompile)" [_thread_blocked, id=23996, stack(0x00000000237e0000,0x00000000238e0000)]
  0x000000001cf1b000 JavaThread "Cache worker for file content cache (C:\Users\Stepan\.gradle\caches\5.6.4\fileContent)" [_thread_blocked, id=5240, stack(0x0000000022180000,0x0000000022280000)]
  0x000000001cf1a000 JavaThread "Memory manager" [_thread_blocked, id=1640, stack(0x0000000022080000,0x0000000022180000)]
  0x000000001cf18800 JavaThread "Cache worker for execution history cache (C:\Users\Stepan\.gradle\caches\5.6.4\executionHistory)" [_thread_blocked, id=19472, stack(0x000000001f970000,0x000000001fa70000)]
  0x0000000018f09800 JavaThread "Cache worker for journal cache (C:\Users\Stepan\.gradle\caches\journal-1)" [_thread_blocked, id=11896, stack(0x000000001c4d0000,0x000000001c5d0000)]
  0x0000000018f08000 JavaThread "File lock request listener" [_thread_in_native, id=24420, stack(0x000000001c3d0000,0x000000001c4d0000)]
  0x0000000018f09000 JavaThread "Cache worker for file hash cache (C:\Users\Stepan\.gradle\caches\5.6.4\fileHashes)" [_thread_blocked, id=1120, stack(0x000000001c0d0000,0x000000001c1d0000)]
  0x000000001872c800 JavaThread "Daemon periodic checks" [_thread_blocked, id=18944, stack(0x000000001b6d0000,0x000000001b7d0000)]
  0x000000001872a800 JavaThread "Incoming local TCP Connector on port 60794" [_thread_in_native, id=24464, stack(0x000000001b480000,0x000000001b580000)]
  0x0000000019d4a000 JavaThread "Daemon health stats" [_thread_blocked, id=16916, stack(0x000000001a1b0000,0x000000001a2b0000)]
  0x000000001841a800 JavaThread "Service Thread" daemon [_thread_blocked, id=6736, stack(0x00000000187e0000,0x00000000188e0000)]
  0x0000000016a8b000 JavaThread "C1 CompilerThread2" daemon [_thread_blocked, id=12372, stack(0x00000000182e0000,0x00000000183e0000)]
=>0x0000000016a7b800 JavaThread "C2 CompilerThread1" daemon [_thread_in_native, id=15412, stack(0x00000000181e0000,0x00000000182e0000)]
  0x0000000016a78000 JavaThread "C2 CompilerThread0" daemon [_thread_in_native, id=12444, stack(0x00000000180e0000,0x00000000181e0000)]
  0x0000000016a75800 JavaThread "Attach Listener" daemon [_thread_blocked, id=12448, stack(0x0000000017fe0000,0x00000000180e0000)]
  0x0000000016a74800 JavaThread "Signal Dispatcher" daemon [_thread_blocked, id=17028, stack(0x0000000017ee0000,0x0000000017fe0000)]
  0x00000000030fb000 JavaThread "Finalizer" daemon [_thread_blocked, id=8028, stack(0x0000000017cd0000,0x0000000017dd0000)]
  0x0000000016a59000 JavaThread "Reference Handler" daemon [_thread_blocked, id=5488, stack(0x0000000017bd0000,0x0000000017cd0000)]
  0x0000000002e5e000 JavaThread "main" [_thread_blocked, id=4796, stack(0x0000000002f00000,0x0000000003000000)]

Other Threads:
  0x0000000016a36000 VMThread [stack: 0x0000000017ad0000,0x0000000017bd0000] [id=21640]
  0x000000001841b800 WatcherThread [stack: 0x00000000188e0000,0x00000000189e0000] [id=10372]

VM state:not at safepoint (normal execution)

VM Mutex/Monitor currently owned by a thread: None

heap address: 0x00000000a0000000, size: 1536 MB, Compressed Oops mode: 32-bit
Narrow klass base: 0x0000000000000000, Narrow klass shift: 3
Compressed class space size: 1073741824 Address: 0x0000000100000000

Heap:
 PSYoungGen      total 69120K, used 44948K [0x00000000e0000000, 0x00000000e6000000, 0x0000000100000000)
  eden space 53760K, 55% used [0x00000000e0000000,0x00000000e1cebb08,0x00000000e3480000)
  from space 15360K, 99% used [0x00000000e4580000,0x00000000e5479590,0x00000000e5480000)
  to   space 17408K, 0% used [0x00000000e3480000,0x00000000e3480000,0x00000000e4580000)
 ParOldGen       total 101376K, used 67614K [0x00000000a0000000, 0x00000000a6300000, 0x00000000e0000000)
  object space 101376K, 66% used [0x00000000a0000000,0x00000000a4207ae8,0x00000000a6300000)
 Metaspace       used 89322K, capacity 94092K, committed 94232K, reserved 1130496K
  class space    used 11598K, capacity 12465K, committed 12584K, reserved 1048576K

Card table byte_map: [0x00000000124c0000,0x00000000127d0000] byte_map_base: 0x0000000011fc0000

Marking Bits: (ParMarkBitMap*) 0x000000005c409f30
 Begin Bits: [0x0000000012dd0000, 0x00000000145d0000)
 End Bits:   [0x00000000145d0000, 0x0000000015dd0000)

Polling page: 0x0000000001100000

CodeCache: size=245760Kb used=54697Kb max_used=54725Kb free=191062Kb
 bounds [0x0000000003100000, 0x00000000066d0000, 0x0000000012100000]
 total_blobs=16939 nmethods=16068 adapters=781
 compilation: enabled

Compilation events (10 events):
Event: 9611.670 Thread 0x0000000016a8b000 nmethod 20744 0x00000000036b7f90 code [0x00000000036b80e0, 0x00000000036b8210]
Event: 9611.701 Thread 0x0000000016a78000 nmethod 20746 0x00000000066ac590 code [0x00000000066ac760, 0x00000000066ad4b0]
Event: 9612.267 Thread 0x0000000016a8b000 20747  s    3       sun.nio.ch.FileLockImpl::release (79 bytes)
Event: 9612.268 Thread 0x0000000016a8b000 nmethod 20747 0x0000000004478490 code [0x00000000044786a0, 0x00000000044792a8]
Event: 9612.270 Thread 0x0000000016a8b000 20749   !   3       sun.nio.ch.SharedFileLockTable::remove (151 bytes)
Event: 9612.270 Thread 0x0000000016a8b000 nmethod 20749 0x000000000669c8d0 code [0x000000000669cac0, 0x000000000669d638]
Event: 9612.272 Thread 0x0000000016a8b000 20748   !   3       sun.nio.ch.FileChannelImpl::release (83 bytes)
Event: 9612.311 Thread 0x0000000016a8b000 nmethod 20748 0x0000000004b5ec90 code [0x0000000004b5ee80, 0x0000000004b5f6d8]
Event: 9612.330 Thread 0x0000000016a8b000 20750       3       java.util.concurrent.ThreadPoolExecutor::decrementWorkerCount (15 bytes)
Event: 9612.330 Thread 0x0000000016a8b000 nmethod 20750 0x00000000034f5b10 code [0x00000000034f5c80, 0x00000000034f6070]

GC Heap History (10 events):
Event: 5202.028 GC heap before
{Heap before GC invocations=54 (full 4):
 PSYoungGen      total 68608K, used 68512K [0x00000000e0000000, 0x00000000e5a80000, 0x0000000100000000)
  eden space 61952K, 100% used [0x00000000e0000000,0x00000000e3c80000,0x00000000e3c80000)
  from space 6656K, 98% used [0x00000000e3e80000,0x00000000e44e8040,0x00000000e4500000)
  to   space 15360K, 0% used [0x00000000e4b80000,0x00000000e4b80000,0x00000000e5a80000)
 ParOldGen       total 101376K, used 66164K [0x00000000a0000000, 0x00000000a6300000, 0x00000000e0000000)
  object space 101376K, 65% used [0x00000000a0000000,0x00000000a409d3c0,0x00000000a6300000)
 Metaspace       used 88819K, capacity 93588K, committed 93848K, reserved 1130496K
  class space    used 11565K, capacity 12445K, committed 12456K, reserved 1048576K
Event: 5202.154 GC heap after
Heap after GC invocations=54 (full 4):
 PSYoungGen      total 74240K, used 6229K [0x00000000e0000000, 0x00000000e5900000, 0x0000000100000000)
  eden space 60416K, 0% used [0x00000000e0000000,0x00000000e0000000,0x00000000e3b00000)
  from space 13824K, 45% used [0x00000000e4b80000,0x00000000e51956c0,0x00000000e5900000)
  to   space 15360K, 0% used [0x00000000e3b00000,0x00000000e3b00000,0x00000000e4a00000)
 ParOldGen       total 101376K, used 66873K [0x00000000a0000000, 0x00000000a6300000, 0x00000000e0000000)
  object space 101376K, 65% used [0x00000000a0000000,0x00000000a414e430,0x00000000a6300000)
 Metaspace       used 88819K, capacity 93588K, committed 93848K, reserved 1130496K
  class space    used 11565K, capacity 12445K, committed 12456K, reserved 1048576K
}
Event: 9527.282 GC heap before
{Heap before GC invocations=55 (full 4):
 PSYoungGen      total 74240K, used 66645K [0x00000000e0000000, 0x00000000e5900000, 0x0000000100000000)
  eden space 60416K, 100% used [0x00000000e0000000,0x00000000e3b00000,0x00000000e3b00000)
  from space 13824K, 45% used [0x00000000e4b80000,0x00000000e51956c0,0x00000000e5900000)
  to   space 15360K, 0% used [0x00000000e3b00000,0x00000000e3b00000,0x00000000e4a00000)
 ParOldGen       total 101376K, used 66873K [0x00000000a0000000, 0x00000000a6300000, 0x00000000e0000000)
  object space 101376K, 65% used [0x00000000a0000000,0x00000000a414e430,0x00000000a6300000)
 Metaspace       used 88892K, capacity 93652K, committed 93848K, reserved 1130496K
  class space    used 11565K, capacity 12445K, committed 12456K, reserved 1048576K
Event: 9527.515 GC heap after
Heap after GC invocations=55 (full 4):
 PSYoungGen      total 63488K, used 4304K [0x00000000e0000000, 0x00000000e5780000, 0x0000000100000000)
  eden space 58880K, 0% used [0x00000000e0000000,0x00000000e0000000,0x00000000e3980000)
  from space 4608K, 93% used [0x00000000e3b00000,0x00000000e3f34020,0x00000000e3f80000)
  to   space 15360K, 0% used [0x00000000e4880000,0x00000000e4880000,0x00000000e5780000)
 ParOldGen       total 101376K, used 66921K [0x00000000a0000000, 0x00000000a6300000, 0x00000000e0000000)
  object space 101376K, 66% used [0x00000000a0000000,0x00000000a415a430,0x00000000a6300000)
 Metaspace       used 88892K, capacity 93652K, committed 93848K, reserved 1130496K
  class space    used 11565K, capacity 12445K, committed 12456K, reserved 1048576K
}
Event: 9536.730 GC heap before
{Heap before GC invocations=56 (full 4):
 PSYoungGen      total 63488K, used 63184K [0x00000000e0000000, 0x00000000e5780000, 0x0000000100000000)
  eden space 58880K, 100% used [0x00000000e0000000,0x00000000e3980000,0x00000000e3980000)
  from space 4608K, 93% used [0x00000000e3b00000,0x00000000e3f34020,0x00000000e3f80000)
  to   space 15360K, 0% used [0x00000000e4880000,0x00000000e4880000,0x00000000e5780000)
 ParOldGen       total 101376K, used 66921K [0x00000000a0000000, 0x00000000a6300000, 0x00000000e0000000)
  object space 101376K, 66% used [0x00000000a0000000,0x00000000a415a430,0x00000000a6300000)
 Metaspace       used 88919K, capacity 93652K, committed 93848K, reserved 1130496K
  class space    used 11565K, capacity 12445K, committed 12456K, reserved 1048576K
Event: 9536.869 GC heap after
Heap after GC invocations=56 (full 4):
 PSYoungGen      total 72704K, used 12766K [0x00000000e0000000, 0x00000000e5800000, 0x0000000100000000)
  eden space 57344K, 0% used [0x00000000e0000000,0x00000000e0000000,0x00000000e3800000)
  from space 15360K, 83% used [0x00000000e4880000,0x00000000e54f7808,0x00000000e5780000)
  to   space 16384K, 0% used [0x00000000e3800000,0x00000000e3800000,0x00000000e4800000)
 ParOldGen       total 101376K, used 67009K [0x00000000a0000000, 0x00000000a6300000, 0x00000000e0000000)
  object space 101376K, 66% used [0x00000000a0000000,0x00000000a4170430,0x00000000a6300000)
 Metaspace       used 88919K, capacity 93652K, committed 93848K, reserved 1130496K
  class space    used 11565K, capacity 12445K, committed 12456K, reserved 1048576K
}
Event: 9595.698 GC heap before
{Heap before GC invocations=57 (full 4):
 PSYoungGen      total 72704K, used 70110K [0x00000000e0000000, 0x00000000e5800000, 0x0000000100000000)
  eden space 57344K, 100% used [0x00000000e0000000,0x00000000e3800000,0x00000000e3800000)
  from space 15360K, 83% used [0x00000000e4880000,0x00000000e54f7808,0x00000000e5780000)
  to   space 16384K, 0% used [0x00000000e3800000,0x00000000e3800000,0x00000000e4800000)
 ParOldGen       total 101376K, used 67009K [0x00000000a0000000, 0x00000000a6300000, 0x00000000e0000000)
  object space 101376K, 66% used [0x00000000a0000000,0x00000000a4170430,0x00000000a6300000)
 Metaspace       used 89150K, capacity 93894K, committed 94232K, reserved 1130496K
  class space    used 11593K, capacity 12464K, committed 12584K, reserved 1048576K
Event: 9595.813 GC heap after
Heap after GC invocations=57 (full 4):
 PSYoungGen      total 64512K, used 8367K [0x00000000e0000000, 0x00000000e5480000, 0x0000000100000000)
  eden space 55808K, 0% used [0x00000000e0000000,0x00000000e0000000,0x00000000e3680000)
  from space 8704K, 96% used [0x00000000e3800000,0x00000000e402bdb8,0x00000000e4080000)
  to   space 15360K, 0% used [0x00000000e4580000,0x00000000e4580000,0x00000000e5480000)
 ParOldGen       total 101376K, used 67033K [0x00000000a0000000, 0x00000000a6300000, 0x00000000e0000000)
  object space 101376K, 66% used [0x00000000a0000000,0x00000000a4176430,0x00000000a6300000)
 Metaspace       used 89150K, capacity 93894K, committed 94232K, reserved 1130496K
  class space    used 11593K, capacity 12464K, committed 12584K, reserved 1048576K
}
Event: 9601.936 GC heap before
{Heap before GC invocations=58 (full 4):
 PSYoungGen      total 64512K, used 64175K [0x00000000e0000000, 0x00000000e5480000, 0x0000000100000000)
  eden space 55808K, 100% used [0x00000000e0000000,0x00000000e3680000,0x00000000e3680000)
  from space 8704K, 96% used [0x00000000e3800000,0x00000000e402bdb8,0x00000000e4080000)
  to   space 15360K, 0% used [0x00000000e4580000,0x00000000e4580000,0x00000000e5480000)
 ParOldGen       total 101376K, used 67033K [0x00000000a0000000, 0x00000000a6300000, 0x00000000e0000000)
  object space 101376K, 66% used [0x00000000a0000000,0x00000000a4176430,0x00000000a6300000)
 Metaspace       used 89213K, capacity 93900K, committed 94232K, reserved 1130496K
  class space    used 11596K, capacity 12465K, committed 12584K, reserved 1048576K
Event: 9602.204 GC heap after
Heap after GC invocations=58 (full 4):
 PSYoungGen      total 69120K, used 15333K [0x00000000e0000000, 0x00000000e6000000, 0x0000000100000000)
  eden space 53760K, 0% used [0x00000000e0000000,0x00000000e0000000,0x00000000e3480000)
  from space 15360K, 99% used [0x00000000e4580000,0x00000000e5479590,0x00000000e5480000)
  to   space 17408K, 0% used [0x00000000e3480000,0x00000000e3480000,0x00000000e4580000)
 ParOldGen       total 101376K, used 67614K [0x00000000a0000000, 0x00000000a6300000, 0x00000000e0000000)
  object space 101376K, 66% used [0x00000000a0000000,0x00000000a4207ae8,0x00000000a6300000)
 Metaspace       used 89213K, capacity 93900K, committed 94232K, reserved 1130496K
  class space    used 11596K, capacity 12465K, committed 12584K, reserved 1048576K
}

Deoptimization events (10 events):
Event: 9610.381 Thread 0x000000001cf14000 Uncommon trap: reason=bimorphic action=maybe_recompile pc=0x0000000005f30f4c method=com.sun.tools.javac.code.Types$Subst.visitClassType(Lcom/sun/tools/javac/code/Type$ClassType;Ljava/lang/Void;)Lcom/sun/tools/javac/code/Type; @ 1
Event: 9610.421 Thread 0x000000001cf14000 Uncommon trap: reason=unstable_if action=reinterpret pc=0x000000000561e154 method=com.sun.tools.javac.comp.Check.checkDeprecated(Lcom/sun/tools/javac/util/JCDiagnostic$DiagnosticPosition;Lcom/sun/tools/javac/code/Symbol;Lcom/sun/tools/javac/code/Symbol;)V
Event: 9610.552 Thread 0x000000001cf14000 Uncommon trap: reason=unstable_if action=reinterpret pc=0x00000000056e82c4 method=com.sun.tools.javac.comp.Resolve$AbstractMethodCheck.argumentsAcceptable(Lcom/sun/tools/javac/comp/Env;Lcom/sun/tools/javac/comp/DeferredAttr$DeferredAttrContext;Lcom/sun/to
Event: 9610.552 Thread 0x000000001cf14000 Uncommon trap: reason=unstable_if action=reinterpret pc=0x0000000005d2b21c method=com.sun.tools.javac.comp.Resolve$AbstractMethodCheck.argumentsAcceptable(Lcom/sun/tools/javac/comp/Env;Lcom/sun/tools/javac/comp/DeferredAttr$DeferredAttrContext;Lcom/sun/to
Event: 9610.850 Thread 0x000000001cf14000 Uncommon trap: reason=bimorphic action=maybe_recompile pc=0x0000000005f34afc method=com.sun.tools.javac.code.Types$4.visitType(Lcom/sun/tools/javac/code/Type;Lcom/sun/tools/javac/code/Type;)Ljava/lang/Boolean; @ 159
Event: 9611.422 Thread 0x000000001cf14000 Uncommon trap: reason=unstable_if action=reinterpret pc=0x00000000056a61a8 method=com.sun.tools.javac.comp.Check.checkType(Lcom/sun/tools/javac/util/JCDiagnostic$DiagnosticPosition;Lcom/sun/tools/javac/code/Type;Lcom/sun/tools/javac/code/Type;Lcom/sun/too
Event: 9611.422 Thread 0x000000001cf14000 Uncommon trap: reason=unstable_if action=reinterpret pc=0x000000000668d52c method=com.sun.tools.javac.code.Type$ClassType.contains(Lcom/sun/tools/javac/code/Type;)Z @ 31
Event: 9611.455 Thread 0x000000001cf14000 Uncommon trap: reason=class_check action=maybe_recompile pc=0x0000000003a2a348 method=org.gradle.internal.Try.map(Ljava/util/function/Function;)Lorg/gradle/internal/Try; @ 10
Event: 9611.455 Thread 0x000000001aeb5000 Uncommon trap: reason=null_check action=make_not_entrant pc=0x0000000005b5532c method=java.lang.ThreadLocal$ThreadLocalMap.expungeStaleEntry(I)I @ 51
Event: 9611.591 Thread 0x000000001aeb5000 Uncommon trap: reason=bimorphic action=maybe_recompile pc=0x0000000003aa731c method=org.gradle.internal.logging.text.AbstractStyledTextOutput.text(Ljava/lang/Object;)Lorg/gradle/internal/logging/text/StyledTextOutput; @ 11

Classes redefined (0 events):
No events

Internal exceptions (10 events):
Event: 3736.819 Thread 0x000000001b08b800 Exception <a 'sun/nio/fs/WindowsException'> (0x00000000e142a658) thrown at [D:\src\AOSP-openjdk-cygwin\jdk8u\hotspot\src\share\vm\prims\jni.cpp, line 710]
Event: 3736.821 Thread 0x000000001b08b800 Exception <a 'sun/nio/fs/WindowsException'> (0x00000000e142ab00) thrown at [D:\src\AOSP-openjdk-cygwin\jdk8u\hotspot\src\share\vm\prims\jni.cpp, line 710]
Event: 3811.580 Thread 0x000000001cf13800 Exception <a 'sun/nio/fs/WindowsException'> (0x00000000e30b7450) thrown at [D:\src\AOSP-openjdk-cygwin\jdk8u\hotspot\src\share\vm\prims\jni.cpp, line 710]
Event: 9524.300 Thread 0x000000001aeb5000 Exception <a 'sun/nio/fs/WindowsException'> (0x00000000e2a63720) thrown at [D:\src\AOSP-openjdk-cygwin\jdk8u\hotspot\src\share\vm\prims\jni.cpp, line 710]
Event: 9538.273 Thread 0x000000001b08a000 Exception <a 'java/lang/reflect/InvocationTargetException'> (0x00000000e107ecb8) thrown at [D:\src\AOSP-openjdk-cygwin\jdk8u\hotspot\src\share\vm\runtime\reflection.cpp, line 1092]
Event: 9539.370 Thread 0x000000001aeb5000 Exception <a 'sun/nio/fs/WindowsException'> (0x00000000e1137bb0) thrown at [D:\src\AOSP-openjdk-cygwin\jdk8u\hotspot\src\share\vm\prims\jni.cpp, line 710]
Event: 9592.791 Thread 0x000000001aeb5000 Exception <a 'sun/nio/fs/WindowsException'> (0x00000000e1da3980) thrown at [D:\src\AOSP-openjdk-cygwin\jdk8u\hotspot\src\share\vm\prims\jni.cpp, line 710]
Event: 9611.441 Thread 0x000000001cf14000 Exception <a 'java/lang/reflect/InvocationTargetException'> (0x00000000e1a9eea0) thrown at [D:\src\AOSP-openjdk-cygwin\jdk8u\hotspot\src\share\vm\runtime\reflection.cpp, line 1092]
Event: 9611.455 Thread 0x000000001aeb5000 Implicit null exception at 0x0000000005b5512e to 0x0000000005b5530d
Event: 9611.544 Thread 0x000000001aeb5000 Exception <a 'sun/nio/fs/WindowsException'> (0x00000000e1b3a6f8) thrown at [D:\src\AOSP-openjdk-cygwin\jdk8u\hotspot\src\share\vm\prims\jni.cpp, line 710]

Events (10 events):
Event: 9612.317 Executing VM operation: RevokeBias
Event: 9612.317 Executing VM operation: RevokeBias done
Event: 9612.318 Executing VM operation: BulkRevokeBias
Event: 9612.318 Executing VM operation: BulkRevokeBias done
Event: 9612.321 Executing VM operation: RevokeBias
Event: 9612.322 Executing VM operation: RevokeBias done
Event: 9612.329 Thread 0x000000001b088000 Thread exited: 0x000000001b088000
Event: 9612.330 Thread 0x000000001b087000 Thread exited: 0x000000001b087000
Event: 9612.336 Executing VM operation: RevokeBias
Event: 9612.400 Executing VM operation: RevokeBias done


Dynamic libraries:
0x00007ff68c710000 - 0x00007ff68c741000 	C:\Program Files\Android\Android Studio\jre\bin\java.exe
0x00007fffabf00000 - 0x00007fffac0f0000 	C:\WINDOWS\SYSTEM32\ntdll.dll
0x00007fffabdd0000 - 0x00007fffabe82000 	C:\WINDOWS\System32\KERNEL32.DLL
0x00007fffa9100000 - 0x00007fffa93a4000 	C:\WINDOWS\System32\KERNELBASE.dll
0x00007fffaa160000 - 0x00007fffaa203000 	C:\WINDOWS\System32\ADVAPI32.dll
0x00007fffab400000 - 0x00007fffab49e000 	C:\WINDOWS\System32\msvcrt.dll
0x00007fffaa9d0000 - 0x00007fffaaa67000 	C:\WINDOWS\System32\sechost.dll
0x00007fffaa680000 - 0x00007fffaa7a0000 	C:\WINDOWS\System32\RPCRT4.dll
0x00007fffabb50000 - 0x00007fffabce4000 	C:\WINDOWS\System32\USER32.dll
0x00007fffa9f20000 - 0x00007fffa9f41000 	C:\WINDOWS\System32\win32u.dll
0x00007fffabe90000 - 0x00007fffabeb6000 	C:\WINDOWS\System32\GDI32.dll
0x00007fffa8eb0000 - 0x00007fffa9044000 	C:\WINDOWS\System32\gdi32full.dll
0x00007fffa9e80000 - 0x00007fffa9f1e000 	C:\WINDOWS\System32\msvcp_win.dll
0x00007fffa9c80000 - 0x00007fffa9d7a000 	C:\WINDOWS\System32\ucrtbase.dll
0x00007fffa0620000 - 0x00007fffa08a4000 	C:\WINDOWS\WinSxS\amd64_microsoft.windows.common-controls_6595b64144ccf1df_6.0.18362.836_none_e6c4b943130f18ed\COMCTL32.dll
0x00007fffab800000 - 0x00007fffabb36000 	C:\WINDOWS\System32\combase.dll
0x00007fffa9080000 - 0x00007fffa9100000 	C:\WINDOWS\System32\bcryptPrimitives.dll
0x00007fffabda0000 - 0x00007fffabdce000 	C:\WINDOWS\System32\IMM32.DLL
0x0000000180000000 - 0x0000000180007000 	C:\Program Files\Prio\prio.dll
0x000000005c9b0000 - 0x000000005ca82000 	C:\Program Files\Android\Android Studio\jre\jre\bin\msvcr100.dll
0x000000005bc40000 - 0x000000005c486000 	C:\Program Files\Android\Android Studio\jre\jre\bin\server\jvm.dll
0x00007fffab6c0000 - 0x00007fffab6c8000 	C:\WINDOWS\System32\PSAPI.DLL
0x00007fff9c980000 - 0x00007fff9c989000 	C:\WINDOWS\SYSTEM32\WSOCK32.dll
0x00007fffab580000 - 0x00007fffab5ef000 	C:\WINDOWS\System32\WS2_32.dll
0x00007fffa6a00000 - 0x00007fffa6a24000 	C:\WINDOWS\SYSTEM32\WINMM.dll
0x00007fffa3540000 - 0x00007fffa354a000 	C:\WINDOWS\SYSTEM32\VERSION.dll
0x00007fffa69d0000 - 0x00007fffa69fd000 	C:\WINDOWS\SYSTEM32\WINMMBASE.dll
0x00007fffa9e30000 - 0x00007fffa9e7a000 	C:\WINDOWS\System32\cfgmgr32.dll
0x00007fffa3bf0000 - 0x00007fffa3bff000 	C:\Program Files\Android\Android Studio\jre\jre\bin\verify.dll
0x00007fffa3bc0000 - 0x00007fffa3be9000 	C:\Program Files\Android\Android Studio\jre\jre\bin\java.dll
0x00007fff96690000 - 0x00007fff966a6000 	C:\Program Files\Android\Android Studio\jre\jre\bin\zip.dll
0x00007fffaad10000 - 0x00007fffab3f4000 	C:\WINDOWS\System32\SHELL32.dll
0x00007fffab6d0000 - 0x00007fffab779000 	C:\WINDOWS\System32\shcore.dll
0x00007fffa9500000 - 0x00007fffa9c7e000 	C:\WINDOWS\System32\windows.storage.dll
0x00007fffa8e60000 - 0x00007fffa8e83000 	C:\WINDOWS\System32\profapi.dll
0x00007fffa8df0000 - 0x00007fffa8e3a000 	C:\WINDOWS\System32\powrprof.dll
0x00007fffa8dc0000 - 0x00007fffa8dd0000 	C:\WINDOWS\System32\UMPDC.dll
0x00007fffab4a0000 - 0x00007fffab4f2000 	C:\WINDOWS\System32\shlwapi.dll
0x00007fffa8e40000 - 0x00007fffa8e51000 	C:\WINDOWS\System32\kernel.appcore.dll
0x00007fffa8e90000 - 0x00007fffa8ea7000 	C:\WINDOWS\System32\cryptsp.dll
0x00007fff96670000 - 0x00007fff9668a000 	C:\Program Files\Android\Android Studio\jre\jre\bin\net.dll
0x00007fff9d020000 - 0x00007fff9d1f6000 	C:\WINDOWS\SYSTEM32\urlmon.dll
0x00007fff9c450000 - 0x00007fff9c6f6000 	C:\WINDOWS\SYSTEM32\iertutil.dll
0x00007fffa8800000 - 0x00007fffa880c000 	C:\WINDOWS\SYSTEM32\CRYPTBASE.DLL
0x00007fffa8630000 - 0x00007fffa8697000 	C:\WINDOWS\system32\mswsock.dll
0x00007fff96650000 - 0x00007fff96663000 	C:\Program Files\Android\Android Studio\jre\jre\bin\nio.dll
0x00007fff87d50000 - 0x00007fff87d76000 	C:\Users\Stepan\.gradle\native\30\windows-amd64\native-platform.dll
0x00007fffa0b60000 - 0x00007fffa0b6d000 	C:\Program Files\Android\Android Studio\jre\jre\bin\management.dll
0x00007fffa8140000 - 0x00007fffa8173000 	C:\WINDOWS\system32\rsaenh.dll
0x00007fffa9050000 - 0x00007fffa9076000 	C:\WINDOWS\System32\bcrypt.dll
0x00007fffa8cb0000 - 0x00007fffa8cd5000 	C:\WINDOWS\SYSTEM32\USERENV.dll
0x00007fffa82e0000 - 0x00007fffa831a000 	C:\WINDOWS\SYSTEM32\IPHLPAPI.DLL
0x00007fffabb40000 - 0x00007fffabb48000 	C:\WINDOWS\System32\NSI.dll
0x00007fffa2170000 - 0x00007fffa2186000 	C:\WINDOWS\SYSTEM32\dhcpcsvc6.DLL
0x00007fffa2010000 - 0x00007fffa202c000 	C:\WINDOWS\SYSTEM32\dhcpcsvc.DLL
0x00007fffa8390000 - 0x00007fffa845b000 	C:\WINDOWS\SYSTEM32\DNSAPI.dll

VM Arguments:
jvm_args: -Xmx1536m -Dfile.encoding=windows-1251 -Duser.country=RU -Duser.language=ru -Duser.variant 
java_command: org.gradle.launcher.daemon.bootstrap.GradleDaemon 5.6.4
java_class_path (initial): C:\Users\Stepan\.gradle\wrapper\dists\gradle-5.6.4-all\ankdp27end7byghfw1q2sw75f\gradle-5.6.4\lib\gradle-launcher-5.6.4.jar
Launcher Type: SUN_STANDARD

Environment Variables:
PATH=C:\Program Files (x86)\Common Files\Oracle\Java\javapath;C:\ProgramData\Oracle\Java\javapath;C:\Program Files (x86)\Common Files\Microsoft Shared\Windows Live;C:\Windows\system32;C:\Windows;C:\Windows\System32\Wbem;C:\Windows\System32\WindowsPowerShell\v1.0\;C:\Program Files (x86)\GtkSharp\2.12\bin;C:\WINDOWS\system32;C:\WINDOWS;C:\WINDOWS\System32\Wbem;C:\WINDOWS\System32\WindowsPowerShell\v1.0\;C:\Program Files (x86)\NVIDIA Corporation\PhysX\Common;C:\Program Files\Common Files\Autodesk Shared\;C:\Program Files (x86)\Autodesk\Backburner\;C:\WINDOWS\system32;C:\WINDOWS;C:\WINDOWS\System32\Wbem;C:\WINDOWS\System32\WindowsPowerShell\v1.0\;C:\WINDOWS\System32\OpenSSH\;C:\Program Files\Prio;C:\Program Files\dotnet\;C:\Users\Stepan\AppData\Local\Programs\Python\Python37-32\Scripts\;C:\Users\Stepan\AppData\Local\Programs\Python\Python37-32\;C:\Program Files\Java\jre1.8.0_211\bin;C:\Program Files\JetBrains\IntelliJ IDEA 2019.1.3\bin;;C:\Program Files\JetBrains\PyCharm 2019.1.3\bin;;C:\Program Files\heroku\bin;C:\Users\Stepan\AppData\Local\Microsoft\WindowsApps;;C:\Program Files\JetBrains\PyCharm Community Edition 2019.3.3\bin;
USERNAME=Stepan
OS=Windows_NT
PROCESSOR_IDENTIFIER=Intel64 Family 6 Model 42 Stepping 7, GenuineIntel



---------------  S Y S T E M  ---------------

OS: Windows 10.0 , 64 bit Build 18362 (10.0.18362.778)

CPU:total 4 (initial active 4) (2 cores per cpu, 2 threads per core) family 6 model 42 stepping 7, cmov, cx8, fxsr, mmx, sse, sse2, sse3, ssse3, sse4.1, sse4.2, popcnt, avx, clmul, ht, tsc, tscinvbit

Memory: 4k page, physical 4177332k(285468k free), swap 10442164k(12180k free)

vm_info: OpenJDK 64-Bit Server VM (25.212-b04) for windows-amd64 JRE (1.8.0_212-release-1586-b04), built by "builder" with MS VC++ 10.0 (VS2010)

time: Sun May 31 13:18:40 2020
timezone: RTZ 2 (зима)
elapsed time: 9614 seconds (0d 2h 40m 14s)

