#
# There is insufficient memory for the Java Runtime Environment to continue.
# Native memory allocation (malloc) failed to allocate 1467440 bytes for Chunk::new
# Possible reasons:
#   The system is out of physical RAM or swap space
#   The process is running with CompressedOops enabled, and the Java Heap may be blocking the growth of the native heap
# Possible solutions:
#   Reduce memory load on the system
#   Increase physical memory or swap space
#   Check if swap backing store is full
#   Decrease Java heap size (-Xmx/-Xms)
#   Decrease number of Java threads
#   Decrease Java thread stack sizes (-Xss)
#   Set larger code cache with -XX:ReservedCodeCacheSize=
#   JVM is running with Unscaled Compressed Oops mode in which the Java heap is
#     placed in the first 4GB address space. The Java Heap base address is the
#     maximum limit for the native heap growth. Please use -XX:HeapBaseMinAddress
#     to set the Java Heap base and to place the Java Heap above 4GB virtual address.
# This output file may be truncated or incomplete.
#
#  Out of Memory Error (allocation.cpp:389), pid=7600, tid=0x00000000000000dc
#
# JRE version: OpenJDK Runtime Environment (8.0_212-b04) (build 1.8.0_212-release-1586-b04)
# Java VM: OpenJDK 64-Bit Server VM (25.212-b04 mixed mode windows-amd64 compressed oops)
# Failed to write core dump. Minidumps are not enabled by default on client versions of Windows
#

---------------  T H R E A D  ---------------

Current thread (0x00000000164d1000):  JavaThread "C2 CompilerThread1" daemon [_thread_in_native, id=220, stack(0x0000000017c30000,0x0000000017d30000)]

Stack: [0x0000000017c30000,0x0000000017d30000]
[error occurred during error reporting (printing stack bounds), id 0xc0000005]

Native frames: (J=compiled Java code, j=interpreted, Vv=VM code, C=native code)


Current CompileTask:
C2:  11916 2359   !   4       java.net.URLClassLoader$1::run (63 bytes)


---------------  P R O C E S S  ---------------

Java Threads: ( => current thread )
  0x0000000019ca3000 JavaThread "Cache worker for cache directory md-rule (C:\Users\Stepan\.gradle\caches\5.6.4\md-rule)" [_thread_blocked, id=14324, stack(0x0000000020460000,0x0000000020560000)]
  0x0000000019ca1800 JavaThread "Cache worker for cache directory md-supplier (C:\Users\Stepan\.gradle\caches\5.6.4\md-supplier)" [_thread_blocked, id=15560, stack(0x0000000020360000,0x0000000020460000)]
  0x0000000019c9e800 JavaThread "Cache worker for file hash cache (I:\AndroidProject\.gradle\5.6.4\fileHashes)" [_thread_blocked, id=3040, stack(0x000000001e0c0000,0x000000001e1c0000)]
  0x0000000019ca2800 JavaThread "Cache worker for journal cache (C:\Users\Stepan\.gradle\caches\journal-1)" [_thread_blocked, id=14664, stack(0x000000001bf20000,0x000000001c020000)]
  0x0000000019c9d000 JavaThread "File lock request listener" [_thread_in_native, id=12928, stack(0x000000001be20000,0x000000001bf20000)]
  0x0000000019c9e000 JavaThread "Cache worker for file hash cache (C:\Users\Stepan\.gradle\caches\5.6.4\fileHashes)" [_thread_blocked, id=1784, stack(0x000000001bb20000,0x000000001bc20000)]
  0x0000000019d7f000 JavaThread "Thread-9" [_thread_blocked, id=12636, stack(0x000000001ba20000,0x000000001bb20000)]
  0x0000000019e22000 JavaThread "Stdin handler" [_thread_blocked, id=16336, stack(0x000000001b920000,0x000000001ba20000)]
  0x0000000019d7c000 JavaThread "Asynchronous log dispatcher for DefaultDaemonConnection: socket connection from /127.0.0.1:40867 to /127.0.0.1:40868" [_thread_blocked, id=16524, stack(0x000000001b820000,0x000000001b920000)]
  0x0000000019d78000 JavaThread "Daemon worker" [_thread_in_native, id=7188, stack(0x000000001b720000,0x000000001b820000)]
  0x0000000019d6f800 JavaThread "Cancel handler" [_thread_blocked, id=4832, stack(0x000000001b620000,0x000000001b720000)]
  0x0000000019dea800 JavaThread "Handler for socket connection from /127.0.0.1:40867 to /127.0.0.1:40868" [_thread_in_native, id=14764, stack(0x000000001b320000,0x000000001b420000)]
  0x0000000019de8000 JavaThread "Daemon" [_thread_blocked, id=11416, stack(0x000000001b220000,0x000000001b320000)]
  0x0000000019d2f800 JavaThread "Daemon periodic checks" [_thread_blocked, id=15600, stack(0x000000001b120000,0x000000001b220000)]
  0x0000000019d36000 JavaThread "Incoming local TCP Connector on port 40867" [_thread_in_native, id=12964, stack(0x000000001aed0000,0x000000001afd0000)]
  0x0000000019c6b000 JavaThread "Daemon health stats" [_thread_blocked, id=7772, stack(0x000000001abd0000,0x000000001acd0000)]
  0x0000000017e60800 JavaThread "Service Thread" daemon [_thread_blocked, id=2344, stack(0x0000000018230000,0x0000000018330000)]
  0x00000000164d4800 JavaThread "C1 CompilerThread2" daemon [_thread_blocked, id=16276, stack(0x0000000017d30000,0x0000000017e30000)]
=>0x00000000164d1000 JavaThread "C2 CompilerThread1" daemon [_thread_in_native, id=220, stack(0x0000000017c30000,0x0000000017d30000)]
  0x00000000164c7000 JavaThread "C2 CompilerThread0" daemon [_thread_in_native, id=12748, stack(0x0000000017b30000,0x0000000017c30000)]
  0x00000000164c4800 JavaThread "Attach Listener" daemon [_thread_blocked, id=8908, stack(0x0000000017a30000,0x0000000017b30000)]
  0x00000000164c3800 JavaThread "Signal Dispatcher" daemon [_thread_blocked, id=18428, stack(0x0000000017930000,0x0000000017a30000)]
  0x0000000002b4b000 JavaThread "Finalizer" daemon [_thread_blocked, id=10200, stack(0x0000000017720000,0x0000000017820000)]
  0x00000000164a9000 JavaThread "Reference Handler" daemon [_thread_blocked, id=15156, stack(0x0000000017620000,0x0000000017720000)]
  0x0000000002a4e000 JavaThread "main" [_thread_blocked, id=13492, stack(0x0000000002900000,0x0000000002a00000)]

Other Threads:
  0x0000000016486000 VMThread [stack: 0x0000000017520000,0x0000000017620000] [id=2328]
  0x0000000016509000 WatcherThread [stack: 0x0000000018330000,0x0000000018430000] [id=15172]

VM state:not at safepoint (normal execution)

VM Mutex/Monitor currently owned by a thread: None

heap address: 0x00000000a0000000, size: 1536 MB, Compressed Oops mode: 32-bit
Narrow klass base: 0x0000000000000000, Narrow klass shift: 3
Compressed class space size: 1073741824 Address: 0x0000000100000000

Heap:
 PSYoungGen      total 105472K, used 49783K [0x00000000e0000000, 0x00000000e9000000, 0x0000000100000000)
  eden space 97280K, 42% used [0x00000000e0000000,0x00000000e28c7368,0x00000000e5f00000)
  from space 8192K, 97% used [0x00000000e8800000,0x00000000e8fd6c40,0x00000000e9000000)
  to   space 10752K, 0% used [0x00000000e7b00000,0x00000000e7b00000,0x00000000e8580000)
 ParOldGen       total 40448K, used 12062K [0x00000000a0000000, 0x00000000a2780000, 0x00000000e0000000)
  object space 40448K, 29% used [0x00000000a0000000,0x00000000a0bc78e8,0x00000000a2780000)
 Metaspace       used 30762K, capacity 31352K, committed 31616K, reserved 1077248K
  class space    used 4179K, capacity 4367K, committed 4480K, reserved 1048576K

Card table byte_map: [0x0000000011f10000,0x0000000012220000] byte_map_base: 0x0000000011a10000

Marking Bits: (ParMarkBitMap*) 0x000000006c669f30
 Begin Bits: [0x0000000012820000, 0x0000000014020000)
 End Bits:   [0x0000000014020000, 0x0000000015820000)

Polling page: 0x0000000002870000

CodeCache: size=245760Kb used=9237Kb max_used=9237Kb free=236522Kb
 bounds [0x0000000002b50000, 0x0000000003460000, 0x0000000011b50000]
 total_blobs=3084 nmethods=2406 adapters=591
 compilation: enabled

Compilation events (10 events):
Event: 11.839 Thread 0x00000000164d4800 2441       3       org.gradle.internal.instantiation.AbstractClassGenerator$MethodMetadata::<init> (15 bytes)
Event: 11.839 Thread 0x00000000164d4800 nmethod 2441 0x0000000003458cd0 code [0x0000000003458e20, 0x0000000003458ff0]
Event: 11.839 Thread 0x00000000164d4800 2442       1       com.google.common.collect.LinkedHashMultimap$ValueSet::access$000 (5 bytes)
Event: 11.839 Thread 0x00000000164d4800 nmethod 2442 0x0000000003459090 code [0x00000000034591e0, 0x00000000034592d0]
Event: 11.857 Thread 0x00000000164d4800 2443       3       com.google.common.base.Preconditions::checkArgument (28 bytes)
Event: 11.858 Thread 0x00000000164d4800 nmethod 2443 0x0000000003459350 code [0x0000000003459500, 0x0000000003459b18]
Event: 11.858 Thread 0x00000000164d4800 2445       3       com.google.common.io.BaseEncoding$Alphabet::encode (7 bytes)
Event: 11.858 Thread 0x00000000164d4800 nmethod 2445 0x0000000003459e90 code [0x0000000003459fe0, 0x000000000345a170]
Event: 11.858 Thread 0x00000000164d4800 2444       3       java.lang.Integer::numberOfLeadingZeros (76 bytes)
Event: 11.859 Thread 0x00000000164d4800 nmethod 2444 0x000000000345a250 code [0x000000000345a3c0, 0x000000000345a670]

GC Heap History (10 events):
Event: 2.237 GC heap before
{Heap before GC invocations=5 (full 0):
 PSYoungGen      total 35328K, used 35312K [0x00000000e0000000, 0x00000000e2500000, 0x0000000100000000)
  eden space 32768K, 100% used [0x00000000e0000000,0x00000000e2000000,0x00000000e2000000)
  from space 2560K, 99% used [0x00000000e2280000,0x00000000e24fc010,0x00000000e2500000)
  to   space 2560K, 0% used [0x00000000e2000000,0x00000000e2000000,0x00000000e2280000)
 ParOldGen       total 44032K, used 1433K [0x00000000a0000000, 0x00000000a2b00000, 0x00000000e0000000)
  object space 44032K, 3% used [0x00000000a0000000,0x00000000a0166480,0x00000000a2b00000)
 Metaspace       used 12400K, capacity 12830K, committed 13184K, reserved 1060864K
  class space    used 1665K, capacity 1807K, committed 1920K, reserved 1048576K
Event: 2.249 GC heap after
Heap after GC invocations=5 (full 0):
 PSYoungGen      total 35328K, used 2544K [0x00000000e0000000, 0x00000000e4c00000, 0x0000000100000000)
  eden space 32768K, 0% used [0x00000000e0000000,0x00000000e0000000,0x00000000e2000000)
  from space 2560K, 99% used [0x00000000e2000000,0x00000000e227c010,0x00000000e2280000)
  to   space 6144K, 0% used [0x00000000e4600000,0x00000000e4600000,0x00000000e4c00000)
 ParOldGen       total 44032K, used 5217K [0x00000000a0000000, 0x00000000a2b00000, 0x00000000e0000000)
  object space 44032K, 11% used [0x00000000a0000000,0x00000000a05187e0,0x00000000a2b00000)
 Metaspace       used 12400K, capacity 12830K, committed 13184K, reserved 1060864K
  class space    used 1665K, capacity 1807K, committed 1920K, reserved 1048576K
}
Event: 2.651 GC heap before
{Heap before GC invocations=6 (full 0):
 PSYoungGen      total 35328K, used 35312K [0x00000000e0000000, 0x00000000e4c00000, 0x0000000100000000)
  eden space 32768K, 100% used [0x00000000e0000000,0x00000000e2000000,0x00000000e2000000)
  from space 2560K, 99% used [0x00000000e2000000,0x00000000e227c010,0x00000000e2280000)
  to   space 6144K, 0% used [0x00000000e4600000,0x00000000e4600000,0x00000000e4c00000)
 ParOldGen       total 44032K, used 5217K [0x00000000a0000000, 0x00000000a2b00000, 0x00000000e0000000)
  object space 44032K, 11% used [0x00000000a0000000,0x00000000a05187e0,0x00000000a2b00000)
 Metaspace       used 14645K, capacity 14986K, committed 15232K, reserved 1062912K
  class space    used 2050K, capacity 2165K, committed 2176K, reserved 1048576K
Event: 2.660 GC heap after
Heap after GC invocations=6 (full 0):
 PSYoungGen      total 70656K, used 5843K [0x00000000e0000000, 0x00000000e4e00000, 0x0000000100000000)
  eden space 64512K, 0% used [0x00000000e0000000,0x00000000e0000000,0x00000000e3f00000)
  from space 6144K, 95% used [0x00000000e4600000,0x00000000e4bb4ea8,0x00000000e4c00000)
  to   space 7168K, 0% used [0x00000000e3f00000,0x00000000e3f00000,0x00000000e4600000)
 ParOldGen       total 44032K, used 5217K [0x00000000a0000000, 0x00000000a2b00000, 0x00000000e0000000)
  object space 44032K, 11% used [0x00000000a0000000,0x00000000a05187e0,0x00000000a2b00000)
 Metaspace       used 14645K, capacity 14986K, committed 15232K, reserved 1062912K
  class space    used 2050K, capacity 2165K, committed 2176K, reserved 1048576K
}
Event: 8.695 GC heap before
{Heap before GC invocations=7 (full 0):
 PSYoungGen      total 70656K, used 67685K [0x00000000e0000000, 0x00000000e4e00000, 0x0000000100000000)
  eden space 64512K, 95% used [0x00000000e0000000,0x00000000e3c648a0,0x00000000e3f00000)
  from space 6144K, 95% used [0x00000000e4600000,0x00000000e4bb4ea8,0x00000000e4c00000)
  to   space 7168K, 0% used [0x00000000e3f00000,0x00000000e3f00000,0x00000000e4600000)
 ParOldGen       total 44032K, used 5217K [0x00000000a0000000, 0x00000000a2b00000, 0x00000000e0000000)
  object space 44032K, 11% used [0x00000000a0000000,0x00000000a05187e0,0x00000000a2b00000)
 Metaspace       used 20717K, capacity 21206K, committed 21296K, reserved 1067008K
  class space    used 2987K, capacity 3165K, committed 3200K, reserved 1048576K
Event: 8.706 GC heap after
Heap after GC invocations=7 (full 0):
 PSYoungGen      total 71680K, used 7161K [0x00000000e0000000, 0x00000000e9200000, 0x0000000100000000)
  eden space 64512K, 0% used [0x00000000e0000000,0x00000000e0000000,0x00000000e3f00000)
  from space 7168K, 99% used [0x00000000e3f00000,0x00000000e45fe690,0x00000000e4600000)
  to   space 10240K, 0% used [0x00000000e8800000,0x00000000e8800000,0x00000000e9200000)
 ParOldGen       total 44032K, used 8908K [0x00000000a0000000, 0x00000000a2b00000, 0x00000000e0000000)
  object space 44032K, 20% used [0x00000000a0000000,0x00000000a08b3008,0x00000000a2b00000)
 Metaspace       used 20717K, capacity 21206K, committed 21296K, reserved 1067008K
  class space    used 2987K, capacity 3165K, committed 3200K, reserved 1048576K
}
Event: 8.706 GC heap before
{Heap before GC invocations=8 (full 1):
 PSYoungGen      total 71680K, used 7161K [0x00000000e0000000, 0x00000000e9200000, 0x0000000100000000)
  eden space 64512K, 0% used [0x00000000e0000000,0x00000000e0000000,0x00000000e3f00000)
  from space 7168K, 99% used [0x00000000e3f00000,0x00000000e45fe690,0x00000000e4600000)
  to   space 10240K, 0% used [0x00000000e8800000,0x00000000e8800000,0x00000000e9200000)
 ParOldGen       total 44032K, used 8908K [0x00000000a0000000, 0x00000000a2b00000, 0x00000000e0000000)
  object space 44032K, 20% used [0x00000000a0000000,0x00000000a08b3008,0x00000000a2b00000)
 Metaspace       used 20717K, capacity 21206K, committed 21296K, reserved 1067008K
  class space    used 2987K, capacity 3165K, committed 3200K, reserved 1048576K
Event: 8.802 GC heap after
Heap after GC invocations=8 (full 1):
 PSYoungGen      total 71680K, used 0K [0x00000000e0000000, 0x00000000e9200000, 0x0000000100000000)
  eden space 64512K, 0% used [0x00000000e0000000,0x00000000e0000000,0x00000000e3f00000)
  from space 7168K, 0% used [0x00000000e3f00000,0x00000000e3f00000,0x00000000e4600000)
  to   space 10240K, 0% used [0x00000000e8800000,0x00000000e8800000,0x00000000e9200000)
 ParOldGen       total 40448K, used 12054K [0x00000000a0000000, 0x00000000a2780000, 0x00000000e0000000)
  object space 40448K, 29% used [0x00000000a0000000,0x00000000a0bc58e8,0x00000000a2780000)
 Metaspace       used 20717K, capacity 21206K, committed 21296K, reserved 1067008K
  class space    used 2987K, capacity 3165K, committed 3200K, reserved 1048576K
}
Event: 11.059 GC heap before
{Heap before GC invocations=9 (full 1):
 PSYoungGen      total 71680K, used 64512K [0x00000000e0000000, 0x00000000e9200000, 0x0000000100000000)
  eden space 64512K, 100% used [0x00000000e0000000,0x00000000e3f00000,0x00000000e3f00000)
  from space 7168K, 0% used [0x00000000e3f00000,0x00000000e3f00000,0x00000000e4600000)
  to   space 10240K, 0% used [0x00000000e8800000,0x00000000e8800000,0x00000000e9200000)
 ParOldGen       total 40448K, used 12054K [0x00000000a0000000, 0x00000000a2780000, 0x00000000e0000000)
  object space 40448K, 29% used [0x00000000a0000000,0x00000000a0bc58e8,0x00000000a2780000)
 Metaspace       used 29064K, capacity 29562K, committed 29696K, reserved 1075200K
  class space    used 3913K, capacity 4069K, committed 4096K, reserved 1048576K
Event: 11.071 GC heap after
Heap after GC invocations=9 (full 1):
 PSYoungGen      total 105472K, used 8027K [0x00000000e0000000, 0x00000000e9000000, 0x0000000100000000)
  eden space 97280K, 0% used [0x00000000e0000000,0x00000000e0000000,0x00000000e5f00000)
  from space 8192K, 97% used [0x00000000e8800000,0x00000000e8fd6c40,0x00000000e9000000)
  to   space 10752K, 0% used [0x00000000e7b00000,0x00000000e7b00000,0x00000000e8580000)
 ParOldGen       total 40448K, used 12062K [0x00000000a0000000, 0x00000000a2780000, 0x00000000e0000000)
  object space 40448K, 29% used [0x00000000a0000000,0x00000000a0bc78e8,0x00000000a2780000)
 Metaspace       used 29064K, capacity 29562K, committed 29696K, reserved 1075200K
  class space    used 3913K, capacity 4069K, committed 4096K, reserved 1048576K
}

Deoptimization events (10 events):
Event: 10.298 Thread 0x0000000019d78000 Uncommon trap: reason=unstable_if action=reinterpret pc=0x00000000030316a0 method=java.util.HashMap.hash(Ljava/lang/Object;)I @ 1
Event: 10.298 Thread 0x0000000019d78000 Uncommon trap: reason=unstable_if action=reinterpret pc=0x00000000030b16a8 method=java.util.HashMap.hash(Ljava/lang/Object;)I @ 1
Event: 10.405 Thread 0x0000000019d78000 Uncommon trap: reason=unstable_if action=reinterpret pc=0x0000000002e15534 method=java.util.HashMap.getNode(ILjava/lang/Object;)Ljava/util/HashMap$Node; @ 53
Event: 10.405 Thread 0x0000000019d78000 Uncommon trap: reason=unstable_if action=reinterpret pc=0x0000000003060ad4 method=java.util.HashMap.hash(Ljava/lang/Object;)I @ 1
Event: 10.496 Thread 0x0000000019d78000 Uncommon trap: reason=unstable_if action=reinterpret pc=0x0000000002e1bd70 method=java.util.LinkedHashMap.afterNodeInsertion(Z)V @ 1
Event: 10.655 Thread 0x0000000019d78000 Uncommon trap: reason=unstable_if action=reinterpret pc=0x00000000033c2a44 method=org.gradle.internal.reflect.PropertyAccessorType.isGetGetterName(Ljava/lang/String;)Z @ 14
Event: 10.684 Thread 0x0000000019d78000 Uncommon trap: reason=unstable_if action=reinterpret pc=0x00000000033d8b88 method=org.objectweb.asm.ByteVector.putShort(I)Lorg/objectweb/asm/ByteVector; @ 13
Event: 11.026 Thread 0x0000000019d78000 Uncommon trap: reason=class_check action=maybe_recompile pc=0x00000000031b60a4 method=sun.misc.URLClassPath.getLoader(I)Lsun/misc/URLClassPath$Loader; @ 94
Event: 11.073 Thread 0x00000000164a9000 Uncommon trap: reason=unstable_if action=reinterpret pc=0x00000000030706bc method=java.lang.ref.Reference.tryHandlePending(Z)Z @ 104
Event: 11.246 Thread 0x0000000019d78000 Uncommon trap: reason=unstable_if action=reinterpret pc=0x0000000002dea448 method=java.io.WinNTFileSystem.resolve(Ljava/lang/String;Ljava/lang/String;)Ljava/lang/String; @ 49

Classes redefined (0 events):
No events

Internal exceptions (10 events):
Event: 11.443 Thread 0x0000000019d78000 Exception <a 'java/lang/ClassNotFoundException': org/gradle/api/internal/DefaultNamedDomainObjectCollectionBeanInfo> (0x00000000e10ee510) thrown at [D:\src\AOSP-openjdk-cygwin\jdk8u\hotspot\src\share\vm\classfile\systemDictionary.cpp, line 210]
Event: 11.444 Thread 0x0000000019d78000 Exception <a 'java/lang/ClassNotFoundException': org/gradle/api/internal/DefaultDomainObjectCollectionBeanInfo> (0x00000000e1122548) thrown at [D:\src\AOSP-openjdk-cygwin\jdk8u\hotspot\src\share\vm\classfile\systemDictionary.cpp, line 210]
Event: 11.444 Thread 0x0000000019d78000 Exception <a 'java/lang/ClassNotFoundException': java/util/AbstractCollectionBeanInfo> (0x00000000e1126ca0) thrown at [D:\src\AOSP-openjdk-cygwin\jdk8u\hotspot\src\share\vm\classfile\systemDictionary.cpp, line 210]
Event: 11.444 Thread 0x0000000019d78000 Exception <a 'java/lang/ClassNotFoundException': java/util/AbstractCollectionCustomizer> (0x00000000e112b408) thrown at [D:\src\AOSP-openjdk-cygwin\jdk8u\hotspot\src\share\vm\classfile\systemDictionary.cpp, line 210]
Event: 11.453 Thread 0x0000000019d78000 Exception <a 'java/lang/ClassNotFoundException': org/gradle/api/internal/DefaultDomainObjectCollectionCustomizer> (0x00000000e116ab28) thrown at [D:\src\AOSP-openjdk-cygwin\jdk8u\hotspot\src\share\vm\classfile\systemDictionary.cpp, line 210]
Event: 11.457 Thread 0x0000000019d78000 Exception <a 'java/lang/ClassNotFoundException': org/gradle/api/internal/DefaultNamedDomainObjectCollectionCustomizer> (0x00000000e11c8af8) thrown at [D:\src\AOSP-openjdk-cygwin\jdk8u\hotspot\src\share\vm\classfile\systemDictionary.cpp, line 210]
Event: 11.461 Thread 0x0000000019d78000 Exception <a 'java/lang/ClassNotFoundException': org/gradle/api/internal/DefaultNamedDomainObjectListCustomizer> (0x00000000e123c3b8) thrown at [D:\src\AOSP-openjdk-cygwin\jdk8u\hotspot\src\share\vm\classfile\systemDictionary.cpp, line 210]
Event: 11.465 Thread 0x0000000019d78000 Exception <a 'java/lang/ClassNotFoundException': org/gradle/api/internal/artifacts/DefaultArtifactRepositoryContainerCustomizer> (0x00000000e12b1b80) thrown at [D:\src\AOSP-openjdk-cygwin\jdk8u\hotspot\src\share\vm\classfile\systemDictionary.cpp, line 210
Event: 11.467 Thread 0x0000000019d78000 Exception <a 'java/lang/ClassNotFoundException': org/gradle/api/internal/artifacts/dsl/DefaultRepositoryHandlerCustomizer> (0x00000000e1317778) thrown at [D:\src\AOSP-openjdk-cygwin\jdk8u\hotspot\src\share\vm\classfile\systemDictionary.cpp, line 210]
Event: 11.472 Thread 0x0000000019d78000 Exception <a 'java/lang/ClassNotFoundException': org/gradle/api/internal/artifacts/dsl/DefaultRepositoryHandler_DecoratedCustomizer> (0x00000000e13939d8) thrown at [D:\src\AOSP-openjdk-cygwin\jdk8u\hotspot\src\share\vm\classfile\systemDictionary.cpp, line

Events (10 events):
Event: 11.861 loading class org/gradle/internal/execution/UnitOfWork$ImplementationVisitor
Event: 11.861 loading class org/gradle/internal/execution/UnitOfWork$ImplementationVisitor done
Event: 11.862 loading class org/gradle/internal/execution/history/BeforeExecutionState
Event: 11.862 loading class org/gradle/internal/execution/history/BeforeExecutionState done
Event: 11.862 loading class org/gradle/internal/execution/history/ExecutionState
Event: 11.862 loading class org/gradle/internal/execution/history/ExecutionState done
Event: 11.863 loading class org/gradle/api/internal/artifacts/DefaultDependencyManagementServices$NoOpCachingStateStep
Event: 11.863 loading class org/gradle/api/internal/artifacts/DefaultDependencyManagementServices$NoOpCachingStateStep done
Event: 11.864 loading class org/gradle/internal/execution/steps/ResolveChangesStep
Event: 11.864 loading class org/gradle/internal/execution/steps/ResolveChangesStep done


Dynamic libraries:
0x00007ff6d8870000 - 0x00007ff6d88a1000 	C:\Program Files\Android\Android Studio\jre\bin\java.exe
0x00007ff9d8700000 - 0x00007ff9d88f0000 	C:\WINDOWS\SYSTEM32\ntdll.dll
0x00007ff9d7ea0000 - 0x00007ff9d7f52000 	C:\WINDOWS\System32\KERNEL32.DLL
0x00007ff9d63e0000 - 0x00007ff9d6684000 	C:\WINDOWS\System32\KERNELBASE.dll
0x00007ff9d83b0000 - 0x00007ff9d8453000 	C:\WINDOWS\System32\ADVAPI32.dll
0x00007ff9d82a0000 - 0x00007ff9d833e000 	C:\WINDOWS\System32\msvcrt.dll
0x00007ff9d6e80000 - 0x00007ff9d6f17000 	C:\WINDOWS\System32\sechost.dll
0x00007ff9d73c0000 - 0x00007ff9d74e0000 	C:\WINDOWS\System32\RPCRT4.dll
0x00007ff9d8520000 - 0x00007ff9d86b4000 	C:\WINDOWS\System32\USER32.dll
0x00007ff9d63b0000 - 0x00007ff9d63d1000 	C:\WINDOWS\System32\win32u.dll
0x00007ff9d7060000 - 0x00007ff9d7086000 	C:\WINDOWS\System32\GDI32.dll
0x00007ff9d6020000 - 0x00007ff9d61b4000 	C:\WINDOWS\System32\gdi32full.dll
0x00007ff9d61c0000 - 0x00007ff9d625e000 	C:\WINDOWS\System32\msvcp_win.dll
0x00007ff9d5690000 - 0x00007ff9d578a000 	C:\WINDOWS\System32\ucrtbase.dll
0x00007ff9cc670000 - 0x00007ff9cc8f4000 	C:\WINDOWS\WinSxS\amd64_microsoft.windows.common-controls_6595b64144ccf1df_6.0.18362.836_none_e6c4b943130f18ed\COMCTL32.dll
0x00007ff9d7f60000 - 0x00007ff9d8296000 	C:\WINDOWS\System32\combase.dll
0x00007ff9d6710000 - 0x00007ff9d6790000 	C:\WINDOWS\System32\bcryptPrimitives.dll
0x00007ff9d74e0000 - 0x00007ff9d750e000 	C:\WINDOWS\System32\IMM32.DLL
0x0000000180000000 - 0x0000000180007000 	C:\Program Files\Prio\prio.dll
0x000000006dd30000 - 0x000000006de02000 	C:\Program Files\Android\Android Studio\jre\jre\bin\msvcr100.dll
0x000000006bea0000 - 0x000000006c6e6000 	C:\Program Files\Android\Android Studio\jre\jre\bin\server\jvm.dll
0x00007ff9d7de0000 - 0x00007ff9d7de8000 	C:\WINDOWS\System32\PSAPI.DLL
0x00007ff9ccd20000 - 0x00007ff9ccd29000 	C:\WINDOWS\SYSTEM32\WSOCK32.dll
0x00007ff9d6ff0000 - 0x00007ff9d705f000 	C:\WINDOWS\System32\WS2_32.dll
0x00007ff9c9ae0000 - 0x00007ff9c9b04000 	C:\WINDOWS\SYSTEM32\WINMM.dll
0x00007ff9ce560000 - 0x00007ff9ce56a000 	C:\WINDOWS\SYSTEM32\VERSION.dll
0x00007ff9c9a80000 - 0x00007ff9c9aad000 	C:\WINDOWS\SYSTEM32\WINMMBASE.dll
0x00007ff9d6690000 - 0x00007ff9d66da000 	C:\WINDOWS\System32\cfgmgr32.dll
0x00007ff9d0a70000 - 0x00007ff9d0a7f000 	C:\Program Files\Android\Android Studio\jre\jre\bin\verify.dll
0x00007ff9c2b90000 - 0x00007ff9c2bb9000 	C:\Program Files\Android\Android Studio\jre\jre\bin\java.dll
0x00007ff9c51b0000 - 0x00007ff9c51c6000 	C:\Program Files\Android\Android Studio\jre\jre\bin\zip.dll
0x00007ff9d75b0000 - 0x00007ff9d7c94000 	C:\WINDOWS\System32\SHELL32.dll
0x00007ff9d7df0000 - 0x00007ff9d7e99000 	C:\WINDOWS\System32\shcore.dll
0x00007ff9d58a0000 - 0x00007ff9d601e000 	C:\WINDOWS\System32\windows.storage.dll
0x00007ff9d5640000 - 0x00007ff9d5663000 	C:\WINDOWS\System32\profapi.dll
0x00007ff9d55f0000 - 0x00007ff9d563a000 	C:\WINDOWS\System32\powrprof.dll
0x00007ff9d55c0000 - 0x00007ff9d55d0000 	C:\WINDOWS\System32\UMPDC.dll
0x00007ff9d84c0000 - 0x00007ff9d8512000 	C:\WINDOWS\System32\shlwapi.dll
0x00007ff9d5670000 - 0x00007ff9d5681000 	C:\WINDOWS\System32\kernel.appcore.dll
0x00007ff9d6790000 - 0x00007ff9d67a7000 	C:\WINDOWS\System32\cryptsp.dll
0x00007ff9c3800000 - 0x00007ff9c381a000 	C:\Program Files\Android\Android Studio\jre\jre\bin\net.dll
0x00007ff9cba40000 - 0x00007ff9cbc16000 	C:\WINDOWS\SYSTEM32\urlmon.dll
0x00007ff9c8be0000 - 0x00007ff9c8e86000 	C:\WINDOWS\SYSTEM32\iertutil.dll
0x00007ff9d5000000 - 0x00007ff9d500c000 	C:\WINDOWS\SYSTEM32\CRYPTBASE.DLL
0x00007ff9d4dd0000 - 0x00007ff9d4e37000 	C:\WINDOWS\system32\mswsock.dll
0x00007ff9c37c0000 - 0x00007ff9c37d3000 	C:\Program Files\Android\Android Studio\jre\jre\bin\nio.dll
0x00007ff9bd8e0000 - 0x00007ff9bd906000 	C:\Users\Stepan\.gradle\native\30\windows-amd64\native-platform.dll
0x00007ff9cfda0000 - 0x00007ff9cfdad000 	C:\Program Files\Android\Android Studio\jre\jre\bin\management.dll
0x00007ff9d4940000 - 0x00007ff9d4973000 	C:\WINDOWS\system32\rsaenh.dll
0x00007ff9d66e0000 - 0x00007ff9d6706000 	C:\WINDOWS\System32\bcrypt.dll
0x00007ff9d54b0000 - 0x00007ff9d54d5000 	C:\WINDOWS\SYSTEM32\USERENV.dll
0x00007ff9d4ae0000 - 0x00007ff9d4b1a000 	C:\WINDOWS\SYSTEM32\IPHLPAPI.DLL
0x00007ff9d7ca0000 - 0x00007ff9d7ca8000 	C:\WINDOWS\System32\NSI.dll
0x00007ff9d0200000 - 0x00007ff9d0216000 	C:\WINDOWS\SYSTEM32\dhcpcsvc6.DLL
0x00007ff9d0100000 - 0x00007ff9d011c000 	C:\WINDOWS\SYSTEM32\dhcpcsvc.DLL
0x00007ff9d4b30000 - 0x00007ff9d4bfb000 	C:\WINDOWS\SYSTEM32\DNSAPI.dll

VM Arguments:
jvm_args: -Xmx1536m -Dfile.encoding=windows-1251 -Duser.country=RU -Duser.language=ru -Duser.variant 
java_command: org.gradle.launcher.daemon.bootstrap.GradleDaemon 5.6.4
java_class_path (initial): C:\Users\Stepan\.gradle\wrapper\dists\gradle-5.6.4-all\ankdp27end7byghfw1q2sw75f\gradle-5.6.4\lib\gradle-launcher-5.6.4.jar
Launcher Type: SUN_STANDARD

Environment Variables:
PATH=C:\Program Files (x86)\Common Files\Oracle\Java\javapath;C:\ProgramData\Oracle\Java\javapath;C:\Program Files (x86)\Common Files\Microsoft Shared\Windows Live;C:\Windows\system32;C:\Windows;C:\Windows\System32\Wbem;C:\Windows\System32\WindowsPowerShell\v1.0\;C:\Program Files (x86)\GtkSharp\2.12\bin;C:\WINDOWS\system32;C:\WINDOWS;C:\WINDOWS\System32\Wbem;C:\WINDOWS\System32\WindowsPowerShell\v1.0\;C:\Program Files (x86)\NVIDIA Corporation\PhysX\Common;C:\Program Files\Common Files\Autodesk Shared\;C:\Program Files (x86)\Autodesk\Backburner\;C:\WINDOWS\system32;C:\WINDOWS;C:\WINDOWS\System32\Wbem;C:\WINDOWS\System32\WindowsPowerShell\v1.0\;C:\WINDOWS\System32\OpenSSH\;C:\Program Files\Prio;C:\Program Files\dotnet\;C:\Users\Stepan\AppData\Local\Programs\Python\Python37-32\Scripts\;C:\Users\Stepan\AppData\Local\Programs\Python\Python37-32\;C:\Program Files\Java\jre1.8.0_211\bin;C:\Program Files\JetBrains\IntelliJ IDEA 2019.1.3\bin;;C:\Program Files\JetBrains\PyCharm 2019.1.3\bin;;C:\Program Files\heroku\bin;C:\Users\Stepan\AppData\Local\Microsoft\WindowsApps;;C:\Program Files\JetBrains\PyCharm Community Edition 2019.3.3\bin;
USERNAME=Stepan
OS=Windows_NT
PROCESSOR_IDENTIFIER=Intel64 Family 6 Model 42 Stepping 7, GenuineIntel



---------------  S Y S T E M  ---------------

OS: Windows 10.0 , 64 bit Build 18362 (10.0.18362.778)

CPU:total 4 (initial active 4) (2 cores per cpu, 2 threads per core) family 6 model 42 stepping 7, cmov, cx8, fxsr, mmx, sse, sse2, sse3, ssse3, sse4.1, sse4.2, popcnt, avx, clmul, ht, tsc, tscinvbit

Memory: 4k page, physical 4177332k(459020k free), swap 10442164k(6012k free)

vm_info: OpenJDK 64-Bit Server VM (25.212-b04) for windows-amd64 JRE (1.8.0_212-release-1586-b04), built by "builder" with MS VC++ 10.0 (VS2010)

time: Mon May 18 15:51:30 2020
timezone: RTZ 2 (зима)
elapsed time: 11 seconds (0d 0h 0m 11s)

